2025-08-11 00:05:53 [DELETION] 🔍 INICIO ELIMINACIÓN - Sesión: del_689917c1890004.76820714 | Context: {"curso_id":10,"delete_videos":true,"debug_enabled":true,"user_ip":"192.168.68.2","user_agent":"Mozilla\/5.0 (Windows NT 10.0; Win64; x64) AppleWebKit\/537.36 (KHTML, like Gecko) Chrome\/139.0.0.0 Safari\/537.36"} | Memory: 2 MB
2025-08-11 00:05:53 [DELETION] ✅ Curso encontrado - Sesión: del_689917c1890004.76820714 | Context: {"curso_id":10,"titulo":"dsadas","imagen":null} | Memory: 2 MB
2025-08-11 00:05:53 [DELETION] 🔄 Transacción iniciada - Sesión: del_689917c1890004.76820714 | Memory: 2 MB
2025-08-11 00:05:53 [DELETION] 📹 Buscando videos para eliminar - Sesión: del_689917c1890004.76820714 | Memory: 2 MB
2025-08-11 00:05:53 [DELETION] 📹 Videos encontrados - Sesión: del_689917c1890004.76820714 | Context: {"count":0,"videos":[]} | Memory: 2 MB
2025-08-11 00:05:53 [DELETION] 📎 Buscando recursos para eliminar - Sesión: del_689917c1890004.76820714 | Memory: 2 MB
2025-08-11 00:05:53 [DELETION] 📎 Recursos encontrados - Sesión: del_689917c1890004.76820714 | Context: {"count":0,"recursos":[]} | Memory: 2 MB
2025-08-11 00:05:53 [DELETION] 📊 Verificando progreso existente - Sesión: del_689917c1890004.76820714 | Memory: 2 MB
2025-08-11 00:05:53 [DELETION] 📊 Progreso encontrado - Sesión: del_689917c1890004.76820714 | Context: {"count":0,"detalles":[]} | Memory: 2 MB
2025-08-11 00:05:53 [DELETION] 🗑️ Eliminando curso de la base de datos - Sesión: del_689917c1890004.76820714 | Memory: 2 MB
2025-08-11 00:05:53 [DELETION] ✅ Curso eliminado de BD (CASCADE activo) - Sesión: del_689917c1890004.76820714 | Memory: 2 MB
2025-08-11 00:05:53 [DELETION] ℹ️ No hay recursos para eliminar - Sesión: del_689917c1890004.76820714 | Memory: 2 MB
2025-08-11 00:05:53 [DELETION] 🎬 INICIANDO ELIMINACIÓN DE VIDEOS - Sesión: del_689917c1890004.76820714 | Context: {"total_videos":0} | Memory: 2 MB
2025-08-11 00:05:53 [DELETION] ✅ TRANSACCIÓN COMPLETADA EXITOSAMENTE - Sesión: del_689917c1890004.76820714 | Memory: 2 MB
2025-08-11 00:05:53 [DELETION] 🎯 FIN ELIMINACIÓN - Sesión: del_689917c1890004.76820714 | Context: {"curso_id":10,"resultado":"exitoso","videos_eliminados":0} | Memory: 2 MB
2025-08-11 00:37:37 [DELETION] 🔍 INICIO ELIMINACIÓN - Sesión: del_68991f313f1586.07060720 | Context: {"curso_id":11,"delete_videos":true,"debug_enabled":true,"user_ip":"192.168.68.2","user_agent":"Mozilla\/5.0 (Windows NT 10.0; Win64; x64) AppleWebKit\/537.36 (KHTML, like Gecko) Chrome\/139.0.0.0 Safari\/537.36"} | Memory: 2 MB
2025-08-11 00:37:37 [DELETION] ✅ Curso encontrado - Sesión: del_68991f313f1586.07060720 | Context: {"curso_id":11,"titulo":"Curso de JAVASCRIPT desde CERO (Completo - Nivel JUNIOR - Yo soy Dalto","imagen":null} | Memory: 2 MB
2025-08-11 00:37:37 [DELETION] 🔄 Transacción iniciada - Sesión: del_68991f313f1586.07060720 | Memory: 2 MB
2025-08-11 00:37:37 [DELETION] 📹 Buscando videos para eliminar - Sesión: del_68991f313f1586.07060720 | Memory: 2 MB
2025-08-11 00:37:37 [DELETION] 📹 Videos encontrados - Sesión: del_68991f313f1586.07060720 | Context: {"count":3,"videos":["Curso_de_JAVASCRIPT_desde_CERO__Completo__-_Nivel_JUNIOR__1080p_24fps_H264-128kbit_AAC_.mp4","Curso_de_JAVASCRIPT_desde_CERO__Completo__-_Nivel_JUNIOR__1080p_24fps_H264-128kbit_AAC__1.mp4","Curso_de_HTML_y_CSS_desde_CERO__Completo___2160p_30fps_AV1-128kbit_AAC_.mp4"]} | Memory: 2 MB
2025-08-11 00:37:37 [DELETION] 📎 Buscando recursos para eliminar - Sesión: del_68991f313f1586.07060720 | Memory: 2 MB
2025-08-11 00:37:37 [DELETION] 📎 Recursos encontrados - Sesión: del_68991f313f1586.07060720 | Context: {"count":0,"recursos":[]} | Memory: 2 MB
2025-08-11 00:37:37 [DELETION] 📊 Verificando progreso existente - Sesión: del_68991f313f1586.07060720 | Memory: 2 MB
2025-08-11 00:37:37 [DELETION] 📊 Progreso encontrado - Sesión: del_68991f313f1586.07060720 | Context: {"count":0,"detalles":[]} | Memory: 2 MB
2025-08-11 00:37:37 [DELETION] 🗑️ Eliminando curso de la base de datos - Sesión: del_68991f313f1586.07060720 | Memory: 2 MB
2025-08-11 00:37:37 [DELETION] ✅ Curso eliminado de BD (CASCADE activo) - Sesión: del_68991f313f1586.07060720 | Memory: 2 MB
2025-08-11 00:37:37 [DELETION] ℹ️ No hay recursos para eliminar - Sesión: del_68991f313f1586.07060720 | Memory: 2 MB
2025-08-11 00:37:37 [DELETION] 🎬 INICIANDO ELIMINACIÓN DE VIDEOS - Sesión: del_68991f313f1586.07060720 | Context: {"total_videos":3} | Memory: 2 MB
2025-08-11 00:37:37 [DELETION] 📹 Procesando video 1/3 - Sesión: del_68991f313f1586.07060720 | Context: {"archivo":"Curso_de_JAVASCRIPT_desde_CERO__Completo__-_Nivel_JUNIOR__1080p_24fps_H264-128kbit_AAC_.mp4","ruta_completa":"C:\\xampp\\htdocs\\cloneUdemyV1B\\config\/..\/uploads\/videos\/11\/Curso_de_JAVASCRIPT_desde_CERO__Completo__-_Nivel_JUNIOR__1080p_24fps_H264-128kbit_AAC_.mp4","existe":true} | Memory: 2 MB
2025-08-11 00:37:37 [DELETION] 📏 Archivo encontrado - Sesión: del_68991f313f1586.07060720 | Context: {"archivo":"Curso_de_JAVASCRIPT_desde_CERO__Completo__-_Nivel_JUNIOR__1080p_24fps_H264-128kbit_AAC_.mp4","tamaño_mb":2299.26} | Memory: 2 MB
2025-08-11 00:37:37 [DELETION] 🔄 Intento 1 de eliminación - Sesión: del_68991f313f1586.07060720 | Context: {"archivo":"Curso_de_JAVASCRIPT_desde_CERO__Completo__-_Nivel_JUNIOR__1080p_24fps_H264-128kbit_AAC_.mp4","intento":1} | Memory: 2 MB
2025-08-11 00:37:37 [DELETION] ✅ ARCHIVO ELIMINADO EXITOSAMENTE - Sesión: del_68991f313f1586.07060720 | Context: {"archivo":"Curso_de_JAVASCRIPT_desde_CERO__Completo__-_Nivel_JUNIOR__1080p_24fps_H264-128kbit_AAC_.mp4","intento_exitoso":1,"ruta":"C:\\xampp\\htdocs\\cloneUdemyV1B\\config\/..\/uploads\/videos\/11\/Curso_de_JAVASCRIPT_desde_CERO__Completo__-_Nivel_JUNIOR__1080p_24fps_H264-128kbit_AAC_.mp4"} | Memory: 2 MB
2025-08-11 00:37:37 [DELETION] 📹 Procesando video 2/3 - Sesión: del_68991f313f1586.07060720 | Context: {"archivo":"Curso_de_JAVASCRIPT_desde_CERO__Completo__-_Nivel_JUNIOR__1080p_24fps_H264-128kbit_AAC__1.mp4","ruta_completa":"C:\\xampp\\htdocs\\cloneUdemyV1B\\config\/..\/uploads\/videos\/11\/Curso_de_JAVASCRIPT_desde_CERO__Completo__-_Nivel_JUNIOR__1080p_24fps_H264-128kbit_AAC__1.mp4","existe":true} | Memory: 2 MB
2025-08-11 00:37:37 [DELETION] 📏 Archivo encontrado - Sesión: del_68991f313f1586.07060720 | Context: {"archivo":"Curso_de_JAVASCRIPT_desde_CERO__Completo__-_Nivel_JUNIOR__1080p_24fps_H264-128kbit_AAC__1.mp4","tamaño_mb":2299.26} | Memory: 2 MB
2025-08-11 00:37:37 [DELETION] 🔄 Intento 1 de eliminación - Sesión: del_68991f313f1586.07060720 | Context: {"archivo":"Curso_de_JAVASCRIPT_desde_CERO__Completo__-_Nivel_JUNIOR__1080p_24fps_H264-128kbit_AAC__1.mp4","intento":1} | Memory: 2 MB
2025-08-11 00:37:37 [DELETION] ✅ ARCHIVO ELIMINADO EXITOSAMENTE - Sesión: del_68991f313f1586.07060720 | Context: {"archivo":"Curso_de_JAVASCRIPT_desde_CERO__Completo__-_Nivel_JUNIOR__1080p_24fps_H264-128kbit_AAC__1.mp4","intento_exitoso":1,"ruta":"C:\\xampp\\htdocs\\cloneUdemyV1B\\config\/..\/uploads\/videos\/11\/Curso_de_JAVASCRIPT_desde_CERO__Completo__-_Nivel_JUNIOR__1080p_24fps_H264-128kbit_AAC__1.mp4"} | Memory: 2 MB
2025-08-11 00:37:37 [DELETION] 📹 Procesando video 3/3 - Sesión: del_68991f313f1586.07060720 | Context: {"archivo":"Curso_de_HTML_y_CSS_desde_CERO__Completo___2160p_30fps_AV1-128kbit_AAC_.mp4","ruta_completa":"C:\\xampp\\htdocs\\cloneUdemyV1B\\config\/..\/uploads\/videos\/11\/Curso_de_HTML_y_CSS_desde_CERO__Completo___2160p_30fps_AV1-128kbit_AAC_.mp4","existe":true} | Memory: 2 MB
2025-08-11 00:37:37 [DELETION] 📏 Archivo encontrado - Sesión: del_68991f313f1586.07060720 | Context: {"archivo":"Curso_de_HTML_y_CSS_desde_CERO__Completo___2160p_30fps_AV1-128kbit_AAC_.mp4","tamaño_mb":19790.45} | Memory: 2 MB
2025-08-11 00:37:37 [DELETION] 🔄 Intento 1 de eliminación - Sesión: del_68991f313f1586.07060720 | Context: {"archivo":"Curso_de_HTML_y_CSS_desde_CERO__Completo___2160p_30fps_AV1-128kbit_AAC_.mp4","intento":1} | Memory: 2 MB
2025-08-11 00:37:37 [DELETION] ✅ ARCHIVO ELIMINADO EXITOSAMENTE - Sesión: del_68991f313f1586.07060720 | Context: {"archivo":"Curso_de_HTML_y_CSS_desde_CERO__Completo___2160p_30fps_AV1-128kbit_AAC_.mp4","intento_exitoso":1,"ruta":"C:\\xampp\\htdocs\\cloneUdemyV1B\\config\/..\/uploads\/videos\/11\/Curso_de_HTML_y_CSS_desde_CERO__Completo___2160p_30fps_AV1-128kbit_AAC_.mp4"} | Memory: 2 MB
2025-08-11 00:37:37 [DELETION] ✅ TRANSACCIÓN COMPLETADA EXITOSAMENTE - Sesión: del_68991f313f1586.07060720 | Memory: 2 MB
2025-08-11 00:37:37 [DELETION] 🎯 FIN ELIMINACIÓN - Sesión: del_68991f313f1586.07060720 | Context: {"curso_id":11,"resultado":"exitoso","videos_eliminados":3} | Memory: 2 MB
2025-08-11 00:37:42 [DELETION] 🔍 INICIO ELIMINACIÓN - Sesión: del_68991f3677bfa9.54645501 | Context: {"curso_id":12,"delete_videos":true,"debug_enabled":true,"user_ip":"192.168.68.2","user_agent":"Mozilla\/5.0 (Windows NT 10.0; Win64; x64) AppleWebKit\/537.36 (KHTML, like Gecko) Chrome\/139.0.0.0 Safari\/537.36"} | Memory: 2 MB
2025-08-11 00:37:42 [DELETION] ✅ Curso encontrado - Sesión: del_68991f3677bfa9.54645501 | Context: {"curso_id":12,"titulo":"Curso de JAVASCRIPT desde CERO (Completo - Nivel JUNIOR - Yo soy Dalto","imagen":null} | Memory: 2 MB
2025-08-11 00:37:42 [DELETION] 🔄 Transacción iniciada - Sesión: del_68991f3677bfa9.54645501 | Memory: 2 MB
2025-08-11 00:37:42 [DELETION] 📹 Buscando videos para eliminar - Sesión: del_68991f3677bfa9.54645501 | Memory: 2 MB
2025-08-11 00:37:42 [DELETION] 📹 Videos encontrados - Sesión: del_68991f3677bfa9.54645501 | Context: {"count":1,"videos":["Curso_de_JAVASCRIPT_desde_CERO__Completo__-_Nivel_JUNIOR__1080p_24fps_H264-128kbit_AAC_.mp4"]} | Memory: 2 MB
2025-08-11 00:37:42 [DELETION] 📎 Buscando recursos para eliminar - Sesión: del_68991f3677bfa9.54645501 | Memory: 2 MB
2025-08-11 00:37:42 [DELETION] 📎 Recursos encontrados - Sesión: del_68991f3677bfa9.54645501 | Context: {"count":0,"recursos":[]} | Memory: 2 MB
2025-08-11 00:37:42 [DELETION] 📊 Verificando progreso existente - Sesión: del_68991f3677bfa9.54645501 | Memory: 2 MB
2025-08-11 00:37:42 [DELETION] 📊 Progreso encontrado - Sesión: del_68991f3677bfa9.54645501 | Context: {"count":0,"detalles":[]} | Memory: 2 MB
2025-08-11 00:37:42 [DELETION] 🗑️ Eliminando curso de la base de datos - Sesión: del_68991f3677bfa9.54645501 | Memory: 2 MB
2025-08-11 00:37:42 [DELETION] ✅ Curso eliminado de BD (CASCADE activo) - Sesión: del_68991f3677bfa9.54645501 | Memory: 2 MB
2025-08-11 00:37:42 [DELETION] ℹ️ No hay recursos para eliminar - Sesión: del_68991f3677bfa9.54645501 | Memory: 2 MB
2025-08-11 00:37:42 [DELETION] 🎬 INICIANDO ELIMINACIÓN DE VIDEOS - Sesión: del_68991f3677bfa9.54645501 | Context: {"total_videos":1} | Memory: 2 MB
2025-08-11 00:37:42 [DELETION] 📹 Procesando video 1/1 - Sesión: del_68991f3677bfa9.54645501 | Context: {"archivo":"Curso_de_JAVASCRIPT_desde_CERO__Completo__-_Nivel_JUNIOR__1080p_24fps_H264-128kbit_AAC_.mp4","ruta_completa":"C:\\xampp\\htdocs\\cloneUdemyV1B\\config\/..\/uploads\/videos\/12\/Curso_de_JAVASCRIPT_desde_CERO__Completo__-_Nivel_JUNIOR__1080p_24fps_H264-128kbit_AAC_.mp4","existe":true} | Memory: 2 MB
2025-08-11 00:37:42 [DELETION] 📏 Archivo encontrado - Sesión: del_68991f3677bfa9.54645501 | Context: {"archivo":"Curso_de_JAVASCRIPT_desde_CERO__Completo__-_Nivel_JUNIOR__1080p_24fps_H264-128kbit_AAC_.mp4","tamaño_mb":2299.26} | Memory: 2 MB
2025-08-11 00:37:42 [DELETION] 🔄 Intento 1 de eliminación - Sesión: del_68991f3677bfa9.54645501 | Context: {"archivo":"Curso_de_JAVASCRIPT_desde_CERO__Completo__-_Nivel_JUNIOR__1080p_24fps_H264-128kbit_AAC_.mp4","intento":1} | Memory: 2 MB
2025-08-11 00:37:42 [DELETION] ✅ ARCHIVO ELIMINADO EXITOSAMENTE - Sesión: del_68991f3677bfa9.54645501 | Context: {"archivo":"Curso_de_JAVASCRIPT_desde_CERO__Completo__-_Nivel_JUNIOR__1080p_24fps_H264-128kbit_AAC_.mp4","intento_exitoso":1,"ruta":"C:\\xampp\\htdocs\\cloneUdemyV1B\\config\/..\/uploads\/videos\/12\/Curso_de_JAVASCRIPT_desde_CERO__Completo__-_Nivel_JUNIOR__1080p_24fps_H264-128kbit_AAC_.mp4"} | Memory: 2 MB
2025-08-11 00:37:42 [DELETION] ✅ TRANSACCIÓN COMPLETADA EXITOSAMENTE - Sesión: del_68991f3677bfa9.54645501 | Memory: 2 MB
2025-08-11 00:37:42 [DELETION] 🎯 FIN ELIMINACIÓN - Sesión: del_68991f3677bfa9.54645501 | Context: {"curso_id":12,"resultado":"exitoso","videos_eliminados":1} | Memory: 2 MB
